Arguments: 
  /usr/local/Cellar/node/9.11.1/bin/node /usr/local/Cellar/yarn/1.5.1_1/libexec/bin/yarn.js start

PATH: 
  /usr/local/Cellar/erlang/20.3.2/lib/erlang/erts-9.3/bin:/usr/local/Cellar/erlang/20.3.2/lib/erlang/bin:/Users/sean/google-cloud-sdk/bin:/Users/sean/Projects/flutter/bin:/Users/sean/.composer/vendor/bin:/Users/sean/.mix/escripts:/Users/sean/.cargo/bin:/usr/local/bin:/usr/local/sbin:/usr/bin:/bin:/usr/sbin:/sbin:/usr/local/MacGPG2/bin:/usr/local/share/dotnet:/Library/Frameworks/Mono.framework/Versions/Current/Commands:/Users/sean/google-cloud-sdk/bin:/Users/sean/Projects/flutter/bin:/Users/sean/.composer/vendor/bin:/Users/sean/.mix/escripts:/Users/sean/.cargo/bin

Yarn version: 
  1.5.1

Node version: 
  9.11.1

Platform: 
  darwin x64

npm manifest: 
  No manifest

yarn manifest: 
  No manifest

Lockfile: 
  No lockfile

Trace: 
  Error: Couldn't find a package.json file in "/Users/sean/Projects/doritos/doritos"
      at new MessageError (/usr/local/Cellar/yarn/1.5.1_1/libexec/lib/cli.js:186:110)
      at /usr/local/Cellar/yarn/1.5.1_1/libexec/lib/cli.js:40048:15
      at Generator.next (<anonymous>)
      at step (/usr/local/Cellar/yarn/1.5.1_1/libexec/lib/cli.js:98:30)
      at /usr/local/Cellar/yarn/1.5.1_1/libexec/lib/cli.js:109:13
      at <anonymous>
